<?xml version="1.0" encoding="UTF-8"?>
<testsuite name="com.rikkei.b1.ChoreographySagaApplicationTests" tests="1" skipped="0" failures="0" errors="0" timestamp="2026-09-24T02:24:25.936Z" hostname="LAPTOP-CFE5QQ0I" time="2.143">
  <properties/>
  <testcase name="testChoreographySagaFlow()" classname="com.rikkei.b1.ChoreographySagaApplicationTests" time="0.624"/>
  <system-out><![CDATA[09:24:26.076 [Test worker] INFO org.springframework.test.context.support.AnnotationConfigContextLoaderUtils -- Could not detect default configuration classes for test class [com.rikkei.b1.ChoreographySagaApplicationTests]: ChoreographySagaApplicationTests does not declare any static, non-private, non-final, nested classes annotated with @Configuration.
09:24:26.158 [Test worker] INFO org.springframework.boot.test.context.SpringBootTestContextBootstrapper -- Found @SpringBootConfiguration com.rikkei.b1.TwoPhaseCommitApplication for test class com.rikkei.b1.ChoreographySagaApplicationTests

  .   ____          _            __ _ _
 /\\ / ___'_ __ _ _(_)_ __  __ _ \ \ \ \
( ( )\___ | '_ | '_| | '_ \/ _` | \ \ \ \
 \\/  ___)| |_)| | | | | || (_| |  ) ) ) )
  '  |____| .__|_| |_|_| |_\__, | / / / /
 =========|_|==============|___/=/_/_/_/

 :: Spring Boot ::                (v3.3.3)

2026-09-24T09:24:26.448+07:00  INFO 22612 --- [    Test worker] c.r.b1.ChoreographySagaApplicationTests  : Starting ChoreographySagaApplicationTests using Java 23.0.2 with PID 22612 (started by LE THANH CUONG in D:\RIKKEI\RIKKEI_MicroServiceSystem\ss15\b1)
2026-09-24T09:24:26.449+07:00  INFO 22612 --- [    Test worker] c.r.b1.ChoreographySagaApplicationTests  : No active profile set, falling back to 1 default profile: "default"
2026-09-24T09:24:27.439+07:00  INFO 22612 --- [    Test worker] c.r.b1.ChoreographySagaApplicationTests  : Started ChoreographySagaApplicationTests in 1.148 seconds (process running for 2.07)
2026-09-24T09:24:27.441+07:00  INFO 22612 --- [    Test worker] c.r.b1.runner.TwoPhaseCommitDemoRunner   : 
==========================================================================
2026-09-24T09:24:27.441+07:00  INFO 22612 --- [    Test worker] c.r.b1.runner.TwoPhaseCommitDemoRunner   : RUNNING 2PC (TWO-PHASE COMMIT) PROTOCOL SIMULATION DEMO
2026-09-24T09:24:27.441+07:00  INFO 22612 --- [    Test worker] c.r.b1.runner.TwoPhaseCommitDemoRunner   : ==========================================================================
2026-09-24T09:24:27.441+07:00  INFO 22612 --- [    Test worker] c.r.b1.runner.TwoPhaseCommitDemoRunner   : 
>>> DEMO SCENARIO 1: SUCCESSFUL BOOKING (VOTE_COMMIT -> COMMIT)
2026-09-24T09:24:27.441+07:00  INFO 22612 --- [    Test worker] c.r.b.c.TwoPhaseCommitCoordinator        : ==========================================================================
2026-09-24T09:24:27.441+07:00  INFO 22612 --- [    Test worker] c.r.b.c.TwoPhaseCommitCoordinator        : STARTING 2PC TRANSACTION FOR BOOKING ID: BK-2PC-SUCCESS-001
2026-09-24T09:24:27.442+07:00  INFO 22612 --- [    Test worker] c.r.b.c.TwoPhaseCommitCoordinator        : ==========================================================================
2026-09-24T09:24:27.442+07:00  INFO 22612 --- [    Test worker] c.r.b.c.TwoPhaseCommitCoordinator        : [COORDINATOR] Phase 1: Sending PREPARE to TrainService & WalletService...
2026-09-24T09:24:27.442+07:00  INFO 22612 --- [    Test worker] com.rikkei.b1.service.TrainService       : [2PC - Phase 1: Prepare] TrainService received prepare request for Booking: BK-2PC-SUCCESS-001, Train: TRAIN-SE1, Seat: SEAT-15
2026-09-24T09:24:27.442+07:00  INFO 22612 --- [    Test worker] com.rikkei.b1.service.TrainService       : [2PC - Phase 1: Prepare] TrainService VOTE_COMMIT: Seat SEAT-15 on Train TRAIN-SE1 held temporarily.
2026-09-24T09:24:27.443+07:00  INFO 22612 --- [    Test worker] com.rikkei.b1.service.WalletService      : [2PC - Phase 1: Prepare] WalletService received prepare request for Booking: BK-2PC-SUCCESS-001, User: user123, Amount: $100.0
2026-09-24T09:24:27.443+07:00  INFO 22612 --- [    Test worker] com.rikkei.b1.service.WalletService      : [2PC - Phase 1: Prepare] WalletService VOTE_COMMIT: Locked $100.0 for User user123. Remaining balance: $400.0
2026-09-24T09:24:27.443+07:00  INFO 22612 --- [    Test worker] c.r.b.c.TwoPhaseCommitCoordinator        : [COORDINATOR] Phase 1 Complete. Votes Received -> TrainService: VOTE_COMMIT, WalletService: VOTE_COMMIT
2026-09-24T09:24:27.443+07:00  INFO 22612 --- [    Test worker] c.r.b.c.TwoPhaseCommitCoordinator        : [COORDINATOR] Phase 2 Decision: GLOBAL COMMIT! Sending COMMIT to all participants.
2026-09-24T09:24:27.443+07:00  INFO 22612 --- [    Test worker] com.rikkei.b1.service.TrainService       : [2PC - Phase 2: Commit] TrainService committing booking BK-2PC-SUCCESS-001: Seat SEAT-15 on Train TRAIN-SE1 confirmed.
2026-09-24T09:24:27.443+07:00  INFO 22612 --- [    Test worker] com.rikkei.b1.service.WalletService      : [2PC - Phase 2: Commit] WalletService committing booking BK-2PC-SUCCESS-001: Deducting locked funds of $100.0.
2026-09-24T09:24:27.443+07:00  INFO 22612 --- [    Test worker] c.r.b.c.TwoPhaseCommitCoordinator        : [COORDINATOR] 2PC Transaction SUCCESSFUL for Booking ID: BK-2PC-SUCCESS-001
2026-09-24T09:24:27.443+07:00  INFO 22612 --- [    Test worker] c.r.b1.runner.TwoPhaseCommitDemoRunner   : 
>>> DEMO SCENARIO 2: ABORTED BOOKING - INSUFFICIENT WALLET (VOTE_ABORT -> ROLLBACK)
2026-09-24T09:24:27.443+07:00  INFO 22612 --- [    Test worker] c.r.b.c.TwoPhaseCommitCoordinator        : ==========================================================================
2026-09-24T09:24:27.443+07:00  INFO 22612 --- [    Test worker] c.r.b.c.TwoPhaseCommitCoordinator        : STARTING 2PC TRANSACTION FOR BOOKING ID: BK-2PC-ABORT-WALLET-002
2026-09-24T09:24:27.443+07:00  INFO 22612 --- [    Test worker] c.r.b.c.TwoPhaseCommitCoordinator        : ==========================================================================
2026-09-24T09:24:27.443+07:00  INFO 22612 --- [    Test worker] c.r.b.c.TwoPhaseCommitCoordinator        : [COORDINATOR] Phase 1: Sending PREPARE to TrainService & WalletService...
2026-09-24T09:24:27.443+07:00  INFO 22612 --- [    Test worker] com.rikkei.b1.service.TrainService       : [2PC - Phase 1: Prepare] TrainService received prepare request for Booking: BK-2PC-ABORT-WALLET-002, Train: TRAIN-SE1, Seat: SEAT-16
2026-09-24T09:24:27.443+07:00  INFO 22612 --- [    Test worker] com.rikkei.b1.service.TrainService       : [2PC - Phase 1: Prepare] TrainService VOTE_COMMIT: Seat SEAT-16 on Train TRAIN-SE1 held temporarily.
2026-09-24T09:24:27.443+07:00  INFO 22612 --- [    Test worker] com.rikkei.b1.service.WalletService      : [2PC - Phase 1: Prepare] WalletService received prepare request for Booking: BK-2PC-ABORT-WALLET-002, User: user_poor, Amount: $500.0
2026-09-24T09:24:27.443+07:00  WARN 22612 --- [    Test worker] com.rikkei.b1.service.WalletService      : [2PC - Phase 1: Prepare] WalletService VOTE_ABORT: Insufficient balance for User user_poor (Current: $10.0, Required: $500.0)
2026-09-24T09:24:27.443+07:00  INFO 22612 --- [    Test worker] c.r.b.c.TwoPhaseCommitCoordinator        : [COORDINATOR] Phase 1 Complete. Votes Received -> TrainService: VOTE_COMMIT, WalletService: VOTE_ABORT
2026-09-24T09:24:27.443+07:00  WARN 22612 --- [    Test worker] c.r.b.c.TwoPhaseCommitCoordinator        : [COORDINATOR] Phase 2 Decision: GLOBAL ABORT! Sending ROLLBACK to all participants.
2026-09-24T09:24:27.443+07:00  INFO 22612 --- [    Test worker] com.rikkei.b1.service.TrainService       : [2PC - Phase 2: Rollback/Abort] TrainService rolling back booking BK-2PC-ABORT-WALLET-002: Releasing seat SEAT-16.
2026-09-24T09:24:27.443+07:00  INFO 22612 --- [    Test worker] com.rikkei.b1.service.WalletService      : [2PC - Phase 2: Rollback/Abort] WalletService rolling back booking BK-2PC-ABORT-WALLET-002: No funds were locked.
2026-09-24T09:24:27.444+07:00  WARN 22612 --- [    Test worker] c.r.b.c.TwoPhaseCommitCoordinator        : [COORDINATOR] 2PC Transaction ABORTED for Booking ID: BK-2PC-ABORT-WALLET-002
2026-09-24T09:24:27.444+07:00  INFO 22612 --- [    Test worker] c.r.b1.runner.TwoPhaseCommitDemoRunner   : 
>>> DEMO SCENARIO 3: ABORTED BOOKING - SEAT TAKEN (VOTE_ABORT -> ROLLBACK)
2026-09-24T09:24:27.444+07:00  INFO 22612 --- [    Test worker] c.r.b.c.TwoPhaseCommitCoordinator        : ==========================================================================
2026-09-24T09:24:27.444+07:00  INFO 22612 --- [    Test worker] c.r.b.c.TwoPhaseCommitCoordinator        : STARTING 2PC TRANSACTION FOR BOOKING ID: BK-2PC-ABORT-TRAIN-003
2026-09-24T09:24:27.444+07:00  INFO 22612 --- [    Test worker] c.r.b.c.TwoPhaseCommitCoordinator        : ==========================================================================
2026-09-24T09:24:27.444+07:00  INFO 22612 --- [    Test worker] c.r.b.c.TwoPhaseCommitCoordinator        : [COORDINATOR] Phase 1: Sending PREPARE to TrainService & WalletService...
2026-09-24T09:24:27.444+07:00  INFO 22612 --- [    Test worker] com.rikkei.b1.service.TrainService       : [2PC - Phase 1: Prepare] TrainService received prepare request for Booking: BK-2PC-ABORT-TRAIN-003, Train: TRAIN-SE1, Seat: TAKEN
2026-09-24T09:24:27.444+07:00  WARN 22612 --- [    Test worker] com.rikkei.b1.service.TrainService       : [2PC - Phase 1: Prepare] TrainService VOTE_ABORT: Seat TAKEN on Train TRAIN-SE1 is already reserved!
2026-09-24T09:24:27.444+07:00  INFO 22612 --- [    Test worker] com.rikkei.b1.service.WalletService      : [2PC - Phase 1: Prepare] WalletService received prepare request for Booking: BK-2PC-ABORT-TRAIN-003, User: user123, Amount: $100.0
2026-09-24T09:24:27.444+07:00  INFO 22612 --- [    Test worker] com.rikkei.b1.service.WalletService      : [2PC - Phase 1: Prepare] WalletService VOTE_COMMIT: Locked $100.0 for User user123. Remaining balance: $300.0
2026-09-24T09:24:27.444+07:00  INFO 22612 --- [    Test worker] c.r.b.c.TwoPhaseCommitCoordinator        : [COORDINATOR] Phase 1 Complete. Votes Received -> TrainService: VOTE_ABORT, WalletService: VOTE_COMMIT
2026-09-24T09:24:27.444+07:00  WARN 22612 --- [    Test worker] c.r.b.c.TwoPhaseCommitCoordinator        : [COORDINATOR] Phase 2 Decision: GLOBAL ABORT! Sending ROLLBACK to all participants.
2026-09-24T09:24:27.444+07:00  INFO 22612 --- [    Test worker] com.rikkei.b1.service.TrainService       : [2PC - Phase 2: Rollback/Abort] TrainService rolling back booking BK-2PC-ABORT-TRAIN-003: Releasing seat TAKEN.
2026-09-24T09:24:27.444+07:00  INFO 22612 --- [    Test worker] com.rikkei.b1.service.WalletService      : [2PC - Phase 2: Rollback/Abort] WalletService rolling back booking BK-2PC-ABORT-TRAIN-003: Restored $100.0 to User user123. Current balance: $400.0
2026-09-24T09:24:27.444+07:00  WARN 22612 --- [    Test worker] c.r.b.c.TwoPhaseCommitCoordinator        : [COORDINATOR] 2PC Transaction ABORTED for Booking ID: BK-2PC-ABORT-TRAIN-003
2026-09-24T09:24:27.444+07:00  INFO 22612 --- [    Test worker] c.r.b1.runner.TwoPhaseCommitDemoRunner   : 
==========================================================================
2026-09-24T09:24:27.444+07:00  INFO 22612 --- [    Test worker] c.r.b1.runner.TwoPhaseCommitDemoRunner   : 2PC DEMO COMPLETE
2026-09-24T09:24:27.444+07:00  INFO 22612 --- [    Test worker] c.r.b1.runner.TwoPhaseCommitDemoRunner   : ==========================================================================
]]></system-out>
  <system-err><![CDATA[WARNING: A Java agent has been loaded dynamically (C:\Users\LE THANH CUONG\.gradle\caches\modules-2\files-2.1\net.bytebuddy\byte-buddy-agent\1.14.19\154da3a65b4f4a909d3e5bdec55d1b2b4cbb6ce1\byte-buddy-agent-1.14.19.jar)
WARNING: If a serviceability tool is in use, please run with -XX:+EnableDynamicAgentLoading to hide this warning
WARNING: If a serviceability tool is not in use, please run with -Djdk.instrument.traceUsage for more information
WARNING: Dynamic loading of agents will be disallowed by default in a future release
]]></system-err>
</testsuite>
